<object-stream>
<org.drools.core.audit.WorkingMemoryLog>
  <version>6.1</version>
  <events/>
  <engine>PHREAK</engine>
</org.drools.core.audit.WorkingMemoryLog>
<org.drools.core.audit.WorkingMemoryLog>
  <version>6.1</version>
  <events>
    <org.drools.core.audit.event.ObjectLogEvent>
      <type>1</type>
      <factId>1</factId>
      <objectToString>com.redhat.summit2015.ceplab.model.Transaction@5728210a[id=1433170454687350000,from=com.redhat.summit2015.ceplab.model.Account@614e1eac[id=1433170454687312000,status=ACTIVE,balance=5000],to=&lt;null&gt;,amount=10,status=SCHEDULED]</objectToString>
    </org.drools.core.audit.event.ObjectLogEvent>
    <org.drools.core.audit.event.ObjectLogEvent>
      <type>1</type>
      <factId>2</factId>
      <objectToString>com.redhat.summit2015.ceplab.model.Transaction@66ff8927[id=1433170454687358000,from=com.redhat.summit2015.ceplab.model.Account@614e1eac[id=1433170454687312000,status=ACTIVE,balance=5000],to=&lt;null&gt;,amount=10,status=SCHEDULED]</objectToString>
    </org.drools.core.audit.event.ObjectLogEvent>
    <org.drools.core.audit.event.ObjectLogEvent>
      <type>1</type>
      <factId>3</factId>
      <objectToString>com.redhat.summit2015.ceplab.model.Transaction@12859445[id=1433170454687362000,from=com.redhat.summit2015.ceplab.model.Account@614e1eac[id=1433170454687312000,status=ACTIVE,balance=5000],to=&lt;null&gt;,amount=10,status=SCHEDULED]</objectToString>
    </org.drools.core.audit.event.ObjectLogEvent>
    <org.drools.core.audit.event.ObjectLogEvent>
      <type>1</type>
      <factId>4</factId>
      <objectToString>com.redhat.summit2015.ceplab.model.Transaction@7fc94782[id=1433170454687366000,from=com.redhat.summit2015.ceplab.model.Account@614e1eac[id=1433170454687312000,status=ACTIVE,balance=5000],to=&lt;null&gt;,amount=10,status=SCHEDULED]</objectToString>
    </org.drools.core.audit.event.ObjectLogEvent>
    <org.drools.core.audit.event.ObjectLogEvent>
      <type>1</type>
      <factId>5</factId>
      <objectToString>com.redhat.summit2015.ceplab.model.Transaction@7775e958[id=1433170454687370000,from=com.redhat.summit2015.ceplab.model.Account@614e1eac[id=1433170454687312000,status=ACTIVE,balance=5000],to=&lt;null&gt;,amount=10,status=SCHEDULED]</objectToString>
    </org.drools.core.audit.event.ObjectLogEvent>
    <org.drools.core.audit.event.ObjectLogEvent>
      <type>1</type>
      <factId>6</factId>
      <objectToString>com.redhat.summit2015.ceplab.model.Transaction@5e2acdad[id=1433170454687374000,from=com.redhat.summit2015.ceplab.model.Account@614e1eac[id=1433170454687312000,status=ACTIVE,balance=5000],to=&lt;null&gt;,amount=10,status=SCHEDULED]</objectToString>
    </org.drools.core.audit.event.ObjectLogEvent>
    <org.drools.core.audit.event.ObjectLogEvent>
      <type>1</type>
      <factId>7</factId>
      <objectToString>com.redhat.summit2015.ceplab.model.Transaction@4c254927[id=1433170454687378000,from=com.redhat.summit2015.ceplab.model.Account@614e1eac[id=1433170454687312000,status=ACTIVE,balance=5000],to=&lt;null&gt;,amount=10,status=SCHEDULED]</objectToString>
    </org.drools.core.audit.event.ObjectLogEvent>
    <org.drools.core.audit.event.ObjectLogEvent>
      <type>1</type>
      <factId>8</factId>
      <objectToString>com.redhat.summit2015.ceplab.model.Transaction@23e5c67f[id=1433170454687382000,from=com.redhat.summit2015.ceplab.model.Account@614e1eac[id=1433170454687312000,status=ACTIVE,balance=5000],to=&lt;null&gt;,amount=10,status=SCHEDULED]</objectToString>
    </org.drools.core.audit.event.ObjectLogEvent>
    <org.drools.core.audit.event.ObjectLogEvent>
      <type>1</type>
      <factId>9</factId>
      <objectToString>com.redhat.summit2015.ceplab.model.Transaction@424ace42[id=1433170454687388000,from=com.redhat.summit2015.ceplab.model.Account@614e1eac[id=1433170454687312000,status=ACTIVE,balance=5000],to=&lt;null&gt;,amount=100,status=SCHEDULED]</objectToString>
    </org.drools.core.audit.event.ObjectLogEvent>
  </events>
  <engine>PHREAK</engine>
</org.drools.core.audit.WorkingMemoryLog>
<org.drools.core.audit.WorkingMemoryLog>
  <version>6.1</version>
  <events/>
  <engine>PHREAK</engine>
</org.drools.core.audit.WorkingMemoryLog>
<org.drools.core.audit.WorkingMemoryLog>
  <version>6.1</version>
  <events>
    <org.drools.core.audit.event.ActivationLogEvent>
      <type>4</type>
      <activationId>Transaction is suspect if the amount is more than twice the average of the last 4 Credit Card transactions [0, 10, 9]</activationId>
      <rule>Transaction is suspect if the amount is more than twice the average of the last 4 Credit Card transactions</rule>
      <declarations>$average=20.0; $transaction=com.redhat.summit2015.ceplab.model.Transaction@424ace42[id=1433170454687388000,from=com.redhat.summit2015.ceplab.model.Account@614e1eac[id=1433170454687312000,status=ACTIVE,balance=5000],to=&lt;null&gt;,amount=100,status=SCHEDULED]</declarations>
      <factHandleIds>9,0,10</factHandleIds>
    </org.drools.core.audit.event.ActivationLogEvent>
    <org.drools.core.audit.event.ActivationLogEvent>
      <type>6</type>
      <activationId>Transaction is suspect if the amount is more than twice the average of the last 4 Credit Card transactions [0, 10, 9]</activationId>
      <rule>Transaction is suspect if the amount is more than twice the average of the last 4 Credit Card transactions</rule>
      <declarations>$average=20.0; $transaction=com.redhat.summit2015.ceplab.model.Transaction@424ace42[id=1433170454687388000,from=com.redhat.summit2015.ceplab.model.Account@614e1eac[id=1433170454687312000,status=ACTIVE,balance=5000],to=&lt;null&gt;,amount=100,status=SCHEDULED]</declarations>
      <factHandleIds>9,0,10</factHandleIds>
    </org.drools.core.audit.event.ActivationLogEvent>
    <org.drools.core.audit.event.ActivationLogEvent>
      <type>7</type>
      <activationId>Transaction is suspect if the amount is more than twice the average of the last 4 Credit Card transactions [0, 10, 9]</activationId>
      <rule>Transaction is suspect if the amount is more than twice the average of the last 4 Credit Card transactions</rule>
      <declarations>$average=20.0; $transaction=com.redhat.summit2015.ceplab.model.Transaction@424ace42[id=1433170454687388000,from=com.redhat.summit2015.ceplab.model.Account@614e1eac[id=1433170454687312000,status=ACTIVE,balance=5000],to=&lt;null&gt;,amount=100,status=DENIED]</declarations>
      <factHandleIds>9,0,10</factHandleIds>
    </org.drools.core.audit.event.ActivationLogEvent>
  </events>
  <engine>PHREAK</engine>
</org.drools.core.audit.WorkingMemoryLog>
</object-stream>
<org.drools.core.audit.WorkingMemoryLog>
  <version>6.1</version>
  <events/>
  <engine>PHREAK</engine>
</org.drools.core.audit.WorkingMemoryLog>
</object-stream>
